Сборка начата 26.02.2024 12:04:39.
Уровень детализации журнала: Normal.     1>Проект "D:\УНИВЕРСИТЕТ\Семестр 2\Лабалаторные работы\ОАиП\ОАиП Лр №4\ОАиП Лр №4\ОАиП Лр №4.vcxproj" в узле 2 (целевые объекты Build).
     1>InitializeBuildStatus:
         Обращение к "x64\Debug\ОАиП Лр №4.tlog\unsuccessfulbuild".
       ClCompile:
         C:\Program Files\Microsoft Visual Studio\2022\Community\VC\Tools\MSVC\14.37.32822\bin\HostX64\x64\CL.exe /c /ZI /JMC /nologo /W3 /WX- /diagnostics:column /sdl /Od /D _DEBUG /D _CONSOLE /D _UNICODE /D UNICODE /Gm- /EHsc /RTC1 /MDd /GS /fp:precise /Zc:wchar_t /Zc:forScope /Zc:inline /permissive- /Fo"x64\Debug\\" /Fd"x64\Debug\vc143.pdb" /external:W3 /Gd /TP /FC /errorReport:prompt "ОАиП Лр №4.cpp"
         ОАиП Лр №4.cpp
     1>D:\УНИВЕРСИТЕТ\Семестр 2\Лабалаторные работы\ОАиП\ОАиП Лр №4\ОАиП Лр №4\ОАиП Лр №4.cpp(18,5): error C3861: getline: идентификатор не найден
     1>D:\УНИВЕРСИТЕТ\Семестр 2\Лабалаторные работы\ОАиП\ОАиП Лр №4\ОАиП Лр №4\ОАиП Лр №4.cpp(23,5): error C3861: getline: идентификатор не найден
     1>D:\УНИВЕРСИТЕТ\Семестр 2\Лабалаторные работы\ОАиП\ОАиП Лр №4\ОАиП Лр №4\ОАиП Лр №4.cpp(89,49): error C3861: to_string: идентификатор не найден
     1>D:\УНИВЕРСИТЕТ\Семестр 2\Лабалаторные работы\ОАиП\ОАиП Лр №4\ОАиП Лр №4\ОАиП Лр №4.cpp(90,156): error C2065: lt: необъявленный идентификатор
     1>D:\УНИВЕРСИТЕТ\Семестр 2\Лабалаторные работы\ОАиП\ОАиП Лр №4\ОАиП Лр №4\ОАиП Лр №4.cpp(90,178): error C2563: несоответствие в списке формальных параметров
     1>D:\УНИВЕРСИТЕТ\Семестр 2\Лабалаторные работы\ОАиП\ОАиП Лр №4\ОАиП Лр №4\ОАиП Лр №4.cpp(90,178): error C2568: <<: не удается разрешить перегрузку функции
       D:\УНИВЕРСИТЕТ\Семестр 2\Лабалаторные работы\ОАиП\ОАиП Лр №4\ОАиП Лр №4\ОАиП Лр №4.cpp(90,178): message : может быть "std::basic_ostream<_Elem,_Traits> &std::endl(std::basic_ostream<_Elem,_Traits> &)"
     1>D:\УНИВЕРСИТЕТ\Семестр 2\Лабалаторные работы\ОАиП\ОАиП Лр №4\ОАиП Лр №4\ОАиП Лр №4.cpp(115,13): error C3861: getline: идентификатор не найден
     1>D:\УНИВЕРСИТЕТ\Семестр 2\Лабалаторные работы\ОАиП\ОАиП Лр №4\ОАиП Лр №4\ОАиП Лр №4.cpp(124,13): error C3861: getline: идентификатор не найден
     1>Сборка проекта "D:\УНИВЕРСИТЕТ\Семестр 2\Лабалаторные работы\ОАиП\ОАиП Лр №4\ОАиП Лр №4\ОАиП Лр №4.vcxproj" завершена (целевые объекты Build) с ошибкой.

Ошибка сборки.

       "D:\УНИВЕРСИТЕТ\Семестр 2\Лабалаторные работы\ОАиП\ОАиП Лр №4\ОАиП Лр №4\ОАиП Лр №4.vcxproj" (целевой объект Build ) (1) ->
       (Целевой объект ClCompile) -> 
         D:\УНИВЕРСИТЕТ\Семестр 2\Лабалаторные работы\ОАиП\ОАиП Лр №4\ОАиП Лр №4\ОАиП Лр №4.cpp(18,5): error C3861: getline: идентификатор не найден
         D:\УНИВЕРСИТЕТ\Семестр 2\Лабалаторные работы\ОАиП\ОАиП Лр №4\ОАиП Лр №4\ОАиП Лр №4.cpp(23,5): error C3861: getline: идентификатор не найден
         D:\УНИВЕРСИТЕТ\Семестр 2\Лабалаторные работы\ОАиП\ОАиП Лр №4\ОАиП Лр №4\ОАиП Лр №4.cpp(89,49): error C3861: to_string: идентификатор не найден
         D:\УНИВЕРСИТЕТ\Семестр 2\Лабалаторные работы\ОАиП\ОАиП Лр №4\ОАиП Лр №4\ОАиП Лр №4.cpp(90,156): error C2065: lt: необъявленный идентификатор
         D:\УНИВЕРСИТЕТ\Семестр 2\Лабалаторные работы\ОАиП\ОАиП Лр №4\ОАиП Лр №4\ОАиП Лр №4.cpp(90,178): error C2563: несоответствие в списке формальных параметров
         D:\УНИВЕРСИТЕТ\Семестр 2\Лабалаторные работы\ОАиП\ОАиП Лр №4\ОАиП Лр №4\ОАиП Лр №4.cpp(90,178): error C2568: <<: не удается разрешить перегрузку функции
         D:\УНИВЕРСИТЕТ\Семестр 2\Лабалаторные работы\ОАиП\ОАиП Лр №4\ОАиП Лр №4\ОАиП Лр №4.cpp(115,13): error C3861: getline: идентификатор не найден
         D:\УНИВЕРСИТЕТ\Семестр 2\Лабалаторные работы\ОАиП\ОАиП Лр №4\ОАиП Лр №4\ОАиП Лр №4.cpp(124,13): error C3861: getline: идентификатор не найден

    Предупреждений: 0
    Ошибок: 8

Прошло времени 00:00:03.21
